1683002040307	geckodriver	INFO	Listening on 127.0.0.1:55841
1683002043358	mozrunner::runner	INFO	Running command: "C:\\Program Files\\Mozilla Firefox\\firefox.exe" "--marionette" "--remote-debugging-port" "55842" "--remote-allow-hosts" "localhost" "-no-remote" "-profile" "C:\\Users\\jorge\\AppData\\Local\\Temp\\rust_mozprofilemMyjYT"
1683002107480	geckodriver	INFO	Listening on 127.0.0.1:56032
1683002110537	mozrunner::runner	INFO	Running command: "C:\\Program Files\\Mozilla Firefox\\firefox.exe" "--marionette" "--remote-debugging-port" "56033" "--remote-allow-hosts" "localhost" "-no-remote" "-profile" "C:\\Users\\jorge\\AppData\\Local\\Temp\\rust_mozprofileoBlyDP"
console.warn: services.settings: Ignoring preference override of remote settings server
console.warn: services.settings: Allow by setting MOZ_REMOTE_SETTINGS_DEVTOOLS=1 in the environment
1683002111159	Marionette	INFO	Marionette enabled
Dynamically enable window occlusion 0
1683002111169	Marionette	INFO	Listening on port 56050
Read port: 56050
WebDriver BiDi listening on ws://127.0.0.1:56033
1683002112001	RemoteAgent	WARN	TLS certificate errors will be ignored for this session
console.warn: SearchSettings: "get: No settings file exists, new profile?" (new NotFoundError("Could not open the file at C:\\Users\\jorge\\AppData\\Local\\Temp\\rust_mozprofileoBlyDP\\search.json.mozlz4", (void 0)))
[ERROR glean_core] Error setting metrics feature config: Json(Error("EOF while parsing a value", line: 1, column: 0))
DevTools listening on ws://127.0.0.1:56033/devtools/browser/51b92684-52af-4b80-8eca-9f9cc112c6ef
1683002126476	Marionette	INFO	Stopped listening on port 56050
Dynamically enable window occlusion 1
WARNING: A blocker encountered an error while we were waiting.
          Blocker:  Waiting for ping task
          Phase: TelemetryController: Waiting for pending ping activity
          State: (none)
WARNING: Error: Phase "profile-before-change" is finished, it is too late to register completion condition "OS.File: flush I/O queued before profileBeforeChange"
WARNING: addBlocker@resource://gre/modules/AsyncShutdown.sys.mjs:727:15
addBlocker@resource://gre/modules/AsyncShutdown.sys.mjs:523:26
addBlocker@resource://gre/modules/AsyncShutdown.sys.mjs:458:15
setupShutdown@resource://gre/modules/osfile/osfile_async_front.jsm:1548:28
@resource://gre/modules/osfile/osfile_async_front.jsm:1568:16
@resource://gre/modules/osfile.jsm:12:30
@resource://gre/modules/TelemetryStorage.sys.mjs:10:28
_checkPendingPings@resource://gre/modules/TelemetrySend.sys.mjs:863:17
setup@resource://gre/modules/TelemetrySend.sys.mjs:803:18
setup@resource://gre/modules/TelemetrySend.sys.mjs:241:30
setupTelemetry/this._delayedInitTask<@resource://gre/modules/TelemetryControllerParent.sys.mjs:824:36
observe@resource://gre/modules/AsyncShutdown.sys.mjs:576:16

console.error: "TelemetryScheduler.shutdown - Already shut down"
WARNING: A blocker encountered an error while we were waiting.
          Blocker:  Waiting for ping task
          Phase: TelemetryController: Waiting for pending ping activity
          State: (none)
WARNING: Error: Phase "profile-before-change" is finished, it is too late to register completion condition "OS.File: flush I/O queued before profileBeforeChange"
WARNING: addBlocker@resource://gre/modules/AsyncShutdown.sys.mjs:727:15
addBlocker@resource://gre/modules/AsyncShutdown.sys.mjs:523:26
addBlocker@resource://gre/modules/AsyncShutdown.sys.mjs:458:15
setupShutdown@resource://gre/modules/osfile/osfile_async_front.jsm:1548:28
@resource://gre/modules/osfile/osfile_async_front.jsm:1568:16
@resource://gre/modules/osfile.jsm:12:30
@resource://gre/modules/TelemetryStorage.sys.mjs:10:28
_checkPendingPings@resource://gre/modules/TelemetrySend.sys.mjs:863:17
setup@resource://gre/modules/TelemetrySend.sys.mjs:803:18
setup@resource://gre/modules/TelemetrySend.sys.mjs:241:30
setupTelemetry/this._delayedInitTask<@resource://gre/modules/TelemetryControllerParent.sys.mjs:824:36
observe@resource://gre/modules/AsyncShutdown.sys.mjs:576:16

WARNING: A blocker encountered an error while we were waiting.
          Blocker:  Waiting for ping task
          Phase: TelemetryController: Waiting for pending ping activity
          State: (none)
WARNING: Error: Phase "profile-before-change" is finished, it is too late to register completion condition "OS.File: flush I/O queued before profileBeforeChange"
WARNING: addBlocker@resource://gre/modules/AsyncShutdown.sys.mjs:727:15
addBlocker@resource://gre/modules/AsyncShutdown.sys.mjs:523:26
addBlocker@resource://gre/modules/AsyncShutdown.sys.mjs:458:15
setupShutdown@resource://gre/modules/osfile/osfile_async_front.jsm:1548:28
@resource://gre/modules/osfile/osfile_async_front.jsm:1568:16
@resource://gre/modules/osfile.jsm:12:30
@resource://gre/modules/TelemetryStorage.sys.mjs:10:28
_checkPendingPings@resource://gre/modules/TelemetrySend.sys.mjs:863:17
setup@resource://gre/modules/TelemetrySend.sys.mjs:803:18
setup@resource://gre/modules/TelemetrySend.sys.mjs:241:30
setupTelemetry/this._delayedInitTask<@resource://gre/modules/TelemetryControllerParent.sys.mjs:824:36
observe@resource://gre/modules/AsyncShutdown.sys.mjs:576:16

WARNING: A blocker encountered an error while we were waiting.
          Blocker:  TelemetryController: shutting down
          Phase: profile-before-change-telemetry
          State: Error getting state: Error: Phase "profile-before-change" is finished, it is too late to register completion condition "OS.File: flush I/O queued before profileBeforeChange" at addBlocker@resource://gre/modules/AsyncShutdown.sys.mjs:727:15
addBlocker@resource://gre/modules/AsyncShutdown.sys.mjs:523:26
addBlocker@resource://gre/modules/AsyncShutdown.sys.mjs:458:15
setupShutdown@resource://gre/modules/osfile/osfile_async_front.jsm:1548:28
@resource://gre/modules/osfile/osfile_async_front.jsm:1568:16
@resource://gre/modules/osfile.jsm:12:30
@resource://gre/modules/TelemetryStorage.sys.mjs:10:28
_checkPendingPings@resource://gre/modules/TelemetrySend.sys.mjs:863:17
setup@resource://gre/modules/TelemetrySend.sys.mjs:803:18
setup@resource://gre/modules/TelemetrySend.sys.mjs:241:30
setupTelemetry/this._delayedInitTask<@resource://gre/modules/TelemetryControllerParent.sys.mjs:824:36
observe@resource://gre/modules/AsyncShutdown.sys.mjs:576:16

WARNING: Error: Phase "profile-before-change" is finished, it is too late to register completion condition "OS.File: flush I/O queued before profileBeforeChange"
WARNING: addBlocker@resource://gre/modules/AsyncShutdown.sys.mjs:727:15
addBlocker@resource://gre/modules/AsyncShutdown.sys.mjs:523:26
addBlocker@resource://gre/modules/AsyncShutdown.sys.mjs:458:15
setupShutdown@resource://gre/modules/osfile/osfile_async_front.jsm:1548:28
@resource://gre/modules/osfile/osfile_async_front.jsm:1568:16
@resource://gre/modules/osfile.jsm:12:30
@resource://gre/modules/TelemetryStorage.sys.mjs:10:28
_checkPendingPings@resource://gre/modules/TelemetrySend.sys.mjs:863:17
setup@resource://gre/modules/TelemetrySend.sys.mjs:803:18
setup@resource://gre/modules/TelemetrySend.sys.mjs:241:30
setupTelemetry/this._delayedInitTask<@resource://gre/modules/TelemetryControllerParent.sys.mjs:824:36
observe@resource://gre/modules/AsyncShutdown.sys.mjs:576:16

JavaScript error: resource://gre/modules/AsyncShutdown.sys.mjs, line 727: Error: Phase "profile-before-change" is finished, it is too late to register completion condition "OS.File: flush I/O queued before profileBeforeChange"
JavaScript error: resource://gre/modules/AsyncShutdown.sys.mjs, line 727: Error: Phase "profile-before-change" is finished, it is too late to register completion condition "OS.File: flush I/O queued before profileBeforeChange"
JavaScript error: resource://gre/modules/AsyncShutdown.sys.mjs, line 727: Error: Phase "profile-before-change" is finished, it is too late to register completion condition "OS.File: flush I/O queued before profileBeforeChange"
JavaScript error: resource://gre/modules/AsyncShutdown.sys.mjs, line 727: Error: Phase "profile-before-change" is finished, it is too late to register completion condition "OS.File: flush I/O queued before profileBeforeChange"
JavaScript error: resource://gre/modules/AsyncShutdown.sys.mjs, line 727: Error: Phase "profile-before-change" is finished, it is too late to register completion condition "OS.File: flush I/O queued before profileBeforeChange"
JavaScript error: resource://gre/modules/AsyncShutdown.sys.mjs, line 727: Error: Phase "profile-before-change" is finished, it is too late to register completion condition "OS.File: flush I/O queued before profileBeforeChange"
1683002479016	geckodriver	INFO	Listening on 127.0.0.1:56839
1683002482077	mozrunner::runner	INFO	Running command: "C:\\Program Files\\Mozilla Firefox\\firefox.exe" "--marionette" "--remote-debugging-port" "56840" "--remote-allow-hosts" "localhost" "-no-remote" "-profile" "C:\\Users\\jorge\\AppData\\Local\\Temp\\rust_mozprofilebISzsl"
console.warn: services.settings: Ignoring preference override of remote settings server
console.warn: services.settings: Allow by setting MOZ_REMOTE_SETTINGS_DEVTOOLS=1 in the environment
1683002482670	Marionette	INFO	Marionette enabled
Dynamically enable window occlusion 0
1683002482682	Marionette	INFO	Listening on port 56855
Read port: 56855
WebDriver BiDi listening on ws://127.0.0.1:56840
1683002482921	RemoteAgent	WARN	TLS certificate errors will be ignored for this session
console.warn: SearchSettings: "get: No settings file exists, new profile?" (new NotFoundError("Could not open the file at C:\\Users\\jorge\\AppData\\Local\\Temp\\rust_mozprofilebISzsl\\search.json.mozlz4", (void 0)))
[ERROR glean_core] Error setting metrics feature config: Json(Error("EOF while parsing a value", line: 1, column: 0))
DevTools listening on ws://127.0.0.1:56840/devtools/browser/85e2082b-8a1a-4181-8661-92cd7132797c
1683002497517	Marionette	INFO	Stopped listening on port 56855
Dynamically enable window occlusion 1
WARNING: A blocker encountered an error while we were waiting.
          Blocker:  Waiting for ping task
          Phase: TelemetryController: Waiting for pending ping activity
          State: (none)
WARNING: Error: Phase "profile-before-change" is finished, it is too late to register completion condition "OS.File: flush I/O queued before profileBeforeChange"
WARNING: addBlocker@resource://gre/modules/AsyncShutdown.sys.mjs:727:15
addBlocker@resource://gre/modules/AsyncShutdown.sys.mjs:523:26
addBlocker@resource://gre/modules/AsyncShutdown.sys.mjs:458:15
setupShutdown@resource://gre/modules/osfile/osfile_async_front.jsm:1548:28
@resource://gre/modules/osfile/osfile_async_front.jsm:1568:16
@resource://gre/modules/osfile.jsm:12:30
@resource://gre/modules/TelemetryStorage.sys.mjs:10:28
_checkPendingPings@resource://gre/modules/TelemetrySend.sys.mjs:863:17
setup@resource://gre/modules/TelemetrySend.sys.mjs:803:18
setup@resource://gre/modules/TelemetrySend.sys.mjs:241:30
setupTelemetry/this._delayedInitTask<@resource://gre/modules/TelemetryControllerParent.sys.mjs:824:36
observe@resource://gre/modules/AsyncShutdown.sys.mjs:576:16

console.error: "TelemetryScheduler.shutdown - Already shut down"
WARNING: A blocker encountered an error while we were waiting.
          Blocker:  Waiting for ping task
          Phase: TelemetryController: Waiting for pending ping activity
          State: (none)
WARNING: Error: Phase "profile-before-change" is finished, it is too late to register completion condition "OS.File: flush I/O queued before profileBeforeChange"
WARNING: addBlocker@resource://gre/modules/AsyncShutdown.sys.mjs:727:15
addBlocker@resource://gre/modules/AsyncShutdown.sys.mjs:523:26
addBlocker@resource://gre/modules/AsyncShutdown.sys.mjs:458:15
setupShutdown@resource://gre/modules/osfile/osfile_async_front.jsm:1548:28
@resource://gre/modules/osfile/osfile_async_front.jsm:1568:16
@resource://gre/modules/osfile.jsm:12:30
@resource://gre/modules/TelemetryStorage.sys.mjs:10:28
_checkPendingPings@resource://gre/modules/TelemetrySend.sys.mjs:863:17
setup@resource://gre/modules/TelemetrySend.sys.mjs:803:18
setup@resource://gre/modules/TelemetrySend.sys.mjs:241:30
setupTelemetry/this._delayedInitTask<@resource://gre/modules/TelemetryControllerParent.sys.mjs:824:36
observe@resource://gre/modules/AsyncShutdown.sys.mjs:576:16

WARNING: A blocker encountered an error while we were waiting.
          Blocker:  Waiting for ping task
          Phase: TelemetryController: Waiting for pending ping activity
          State: (none)
WARNING: Error: Phase "profile-before-change" is finished, it is too late to register completion condition "OS.File: flush I/O queued before profileBeforeChange"
WARNING: addBlocker@resource://gre/modules/AsyncShutdown.sys.mjs:727:15
addBlocker@resource://gre/modules/AsyncShutdown.sys.mjs:523:26
addBlocker@resource://gre/modules/AsyncShutdown.sys.mjs:458:15
setupShutdown@resource://gre/modules/osfile/osfile_async_front.jsm:1548:28
@resource://gre/modules/osfile/osfile_async_front.jsm:1568:16
@resource://gre/modules/osfile.jsm:12:30
@resource://gre/modules/TelemetryStorage.sys.mjs:10:28
_checkPendingPings@resource://gre/modules/TelemetrySend.sys.mjs:863:17
setup@resource://gre/modules/TelemetrySend.sys.mjs:803:18
setup@resource://gre/modules/TelemetrySend.sys.mjs:241:30
setupTelemetry/this._delayedInitTask<@resource://gre/modules/TelemetryControllerParent.sys.mjs:824:36
observe@resource://gre/modules/AsyncShutdown.sys.mjs:576:16

WARNING: A blocker encountered an error while we were waiting.
          Blocker:  TelemetryController: shutting down
          Phase: profile-before-change-telemetry
          State: Error getting state: Error: Phase "profile-before-change" is finished, it is too late to register completion condition "OS.File: flush I/O queued before profileBeforeChange" at addBlocker@resource://gre/modules/AsyncShutdown.sys.mjs:727:15
addBlocker@resource://gre/modules/AsyncShutdown.sys.mjs:523:26
addBlocker@resource://gre/modules/AsyncShutdown.sys.mjs:458:15
setupShutdown@resource://gre/modules/osfile/osfile_async_front.jsm:1548:28
@resource://gre/modules/osfile/osfile_async_front.jsm:1568:16
@resource://gre/modules/osfile.jsm:12:30
@resource://gre/modules/TelemetryStorage.sys.mjs:10:28
_checkPendingPings@resource://gre/modules/TelemetrySend.sys.mjs:863:17
setup@resource://gre/modules/TelemetrySend.sys.mjs:803:18
setup@resource://gre/modules/TelemetrySend.sys.mjs:241:30
setupTelemetry/this._delayedInitTask<@resource://gre/modules/TelemetryControllerParent.sys.mjs:824:36
observe@resource://gre/modules/AsyncShutdown.sys.mjs:576:16

WARNING: Error: Phase "profile-before-change" is finished, it is too late to register completion condition "OS.File: flush I/O queued before profileBeforeChange"
WARNING: addBlocker@resource://gre/modules/AsyncShutdown.sys.mjs:727:15
addBlocker@resource://gre/modules/AsyncShutdown.sys.mjs:523:26
addBlocker@resource://gre/modules/AsyncShutdown.sys.mjs:458:15
setupShutdown@resource://gre/modules/osfile/osfile_async_front.jsm:1548:28
@resource://gre/modules/osfile/osfile_async_front.jsm:1568:16
@resource://gre/modules/osfile.jsm:12:30
@resource://gre/modules/TelemetryStorage.sys.mjs:10:28
_checkPendingPings@resource://gre/modules/TelemetrySend.sys.mjs:863:17
setup@resource://gre/modules/TelemetrySend.sys.mjs:803:18
setup@resource://gre/modules/TelemetrySend.sys.mjs:241:30
setupTelemetry/this._delayedInitTask<@resource://gre/modules/TelemetryControllerParent.sys.mjs:824:36
observe@resource://gre/modules/AsyncShutdown.sys.mjs:576:16

JavaScript error: resource://gre/modules/AsyncShutdown.sys.mjs, line 727: Error: Phase "profile-before-change" is finished, it is too late to register completion condition "OS.File: flush I/O queued before profileBeforeChange"
JavaScript error: resource://gre/modules/AsyncShutdown.sys.mjs, line 727: Error: Phase "profile-before-change" is finished, it is too late to register completion condition "OS.File: flush I/O queued before profileBeforeChange"
JavaScript error: resource://gre/modules/AsyncShutdown.sys.mjs, line 727: Error: Phase "profile-before-change" is finished, it is too late to register completion condition "OS.File: flush I/O queued before profileBeforeChange"
JavaScript error: resource://gre/modules/AsyncShutdown.sys.mjs, line 727: Error: Phase "profile-before-change" is finished, it is too late to register completion condition "OS.File: flush I/O queued before profileBeforeChange"
JavaScript error: resource://gre/modules/AsyncShutdown.sys.mjs, line 727: Error: Phase "profile-before-change" is finished, it is too late to register completion condition "OS.File: flush I/O queued before profileBeforeChange"
JavaScript error: resource://gre/modules/AsyncShutdown.sys.mjs, line 727: Error: Phase "profile-before-change" is finished, it is too late to register completion condition "OS.File: flush I/O queued before profileBeforeChange"
1706763762811	geckodriver	INFO	Listening on 127.0.0.1:60100
1706763765920	mozrunner::runner	INFO	Running command: "C:\\Program Files\\Mozilla Firefox\\firefox.exe" "--marionette" "--remote-debugging-port" "60101" "--remote-allow-hosts" "localhost" "-no-remote" "-profile" "C:\\Users\\jorge\\AppData\\Local\\Temp\\rust_mozprofile6Lfcpg"
console.warn: services.settings: Ignoring preference override of remote settings server
console.warn: services.settings: Allow by setting MOZ_REMOTE_SETTINGS_DEVTOOLS=1 in the environment
1706763766621	Marionette	INFO	Marionette enabled
Dynamically enable window occlusion 0
1706763766775	Marionette	INFO	Listening on port 60127
WebDriver BiDi listening on ws://127.0.0.1:60101
Read port: 60127
1706763767056	RemoteAgent	WARN	TLS certificate errors will be ignored for this session
DevTools listening on ws://127.0.0.1:60101/devtools/browser/5dbb6408-3a6b-44b9-9603-782e9d80afce
1706763792861	Marionette	INFO	Stopped listening on port 60127
JavaScript warning: https://www.rahulshettyacademy.com/assets/js/jquery.min.js, line 2: Script terminated by timeout at:
get@https://www.rahulshettyacademy.com/assets/js/jquery.min.js:2:31095
queue@https://www.rahulshettyacademy.com/assets/js/jquery.min.js:3:1172
dequeue@https://www.rahulshettyacademy.com/assets/js/jquery.min.js:3:1299
g@https://www.rahulshettyacademy.com/assets/js/jquery.min.js:3:1369

Dynamically enable window occlusion 1
1724735765005	geckodriver	INFO	Listening on 127.0.0.1:54337
1724735768094	mozrunner::runner	INFO	Running command: "C:\\Program Files\\Mozilla Firefox\\firefox.exe" "--marionette" "--remote-debugging-port" "54338" "--remote-allow-hosts" "localhost" "-no-remote" "-profile" "C:\\Users\\jorge\\AppData\\Local\\Temp\\rust_mozprofile21cPcP"
console.warn: services.settings: Ignoring preference override of remote settings server
console.warn: services.settings: Allow by setting MOZ_REMOTE_SETTINGS_DEVTOOLS=1 in the environment
1724735768683	Marionette	INFO	Marionette enabled
Dynamically enable window occlusion 0
1724735768804	Marionette	INFO	Listening on port 54360
WebDriver BiDi listening on ws://127.0.0.1:54338
Read port: 54360
1724735769044	RemoteAgent	WARN	TLS certificate errors will be ignored for this session
DevTools listening on ws://127.0.0.1:54338/devtools/browser/c10a49cc-ff0d-4807-990c-74f2b4d0b6e7
1724735787239	Marionette	INFO	Stopped listening on port 54360
JavaScript warning: https://www.rahulshettyacademy.com/assets/js/jquery.min.js, line 2: Script terminated by timeout at:
f@https://www.rahulshettyacademy.com/assets/js/jquery.min.js:2:3686

Dynamically enable window occlusion 1
1724738228159	geckodriver	INFO	Listening on 127.0.0.1:60263
1724738231245	mozrunner::runner	INFO	Running command: "C:\\Program Files\\Mozilla Firefox\\firefox.exe" "--marionette" "--remote-debugging-port" "60264" "--remote-allow-hosts" "localhost" "-no-remote" "-profile" "C:\\Users\\jorge\\AppData\\Local\\Temp\\rust_mozprofileG0xYoi"
console.warn: services.settings: Ignoring preference override of remote settings server
console.warn: services.settings: Allow by setting MOZ_REMOTE_SETTINGS_DEVTOOLS=1 in the environment
Dynamically enable window occlusion 0
1724738231635	Marionette	INFO	Marionette enabled
1724738231779	Marionette	INFO	Listening on port 60281
WebDriver BiDi listening on ws://127.0.0.1:60264
Read port: 60281
1724738231959	RemoteAgent	WARN	TLS certificate errors will be ignored for this session
JavaScript error: https://cdn.evgnet.com/beacon/serviciosliverpoolsadecv/liverpool/scripts/evergage.min.js, line 1635: TypeError: window.dataLayer.find(...) is undefined
JavaScript warning: https://www.liverpool.com.mx/ewMhJC/DrJ/DG1/OCEkIxCJ/7Lz3rDJpf4kwEf/Ij1uUB8pAw/eklCGjBA/djs, line 1: unreachable code after return statement
JavaScript error: https://www.liverpool.com.mx/tienda/home line 23 > injectedScript, line 1: ReferenceError: ga is not defined
JavaScript warning: https://www.liverpool.com.mx/ewMhJC/DrJ/DG1/OCEkIxCJ/7Lz3rDJpf4kwEf/Ij1uUB8pAw/eklCGjBA/djs, line 1: WEBGL_debug_renderer_info is deprecated in Firefox and will be removed. Please use RENDERER.
JavaScript warning: https://www.liverpool.com.mx/ewMhJC/DrJ/DG1/OCEkIxCJ/7Lz3rDJpf4kwEf/Ij1uUB8pAw/eklCGjBA/djs, line 1: WEBGL_debug_renderer_info is deprecated in Firefox and will be removed. Please use RENDERER.
JavaScript warning: https://www.liverpool.com.mx/ewMhJC/DrJ/DG1/OCEkIxCJ/7Lz3rDJpf4kwEf/Ij1uUB8pAw/eklCGjBA/djs, line 1: WEBGL_debug_renderer_info is deprecated in Firefox and will be removed. Please use RENDERER.
JavaScript warning: https://gum.criteo.com/syncframe?topUrl=www.liverpool.com.mx&origin=onetag#{%22bundle%22:{%22identifierExtractor%22:{%22origin%22:0},%22value%22:null},%22cw%22:true,%22optout%22:{%22identifierExtractor%22:{%22origin%22:0},%22value%22:null},%22origin%22:%22onetag%22,%22sid%22:{%22identifierExtractor%22:{%22origin%22:0},%22value%22:null},%22tld%22:%22liverpool.com.mx%22,%22topUrl%22:%22www.liverpool.com.mx%22,%22version%22:%225_26_1%22,%22ifa%22:{%22identifierExtractor%22:{%22origin%22:0},%22value%22:null},%22lsw%22:true,%22pm%22:0}, line 13: Script terminated by timeout at:
r.prototype.flushEventQueue@https://gum.criteo.com/syncframe?topUrl=www.liverpool.com.mx&origin=onetag#{%22bundle%22:{%22identifierExtractor%22:{%22origin%22:0},%22value%22:null},%22cw%22:true,%22optout%22:{%22identifierExtractor%22:{%22origin%22:0},%22value%22:null},%22origin%22:%22onetag%22,%22sid%22:{%22identifierExtractor%22:{%22origin%22:0},%22value%22:null},%22tld%22:%22liverpool.com.mx%22,%22topUrl%22:%22www.liverpool.com.mx%22,%22version%22:%225_26_1%22,%22ifa%22:{%22identifierExtractor%22:{%22origin%22:0},%22value%22:null},%22lsw%22:true,%22pm%22:0}:13:3137
r/<@https://gum.criteo.com/syncframe?topUrl=www.liverpool.com.mx&origin=onetag#{%22bundle%22:{%22identifierExtractor%22:{%22origin%22:0},%22value%22:null},%22cw%22:true,%22optout%22:{%22identifierExtractor%22:{%22origin%22:0},%22value%22:null},%22origin%22:%22onetag%22,%22sid%22:{%22identifierExtractor%22:{%22origin%22:0},%22value%22:null},%22tld%22:%22liverpool.com.mx%22,%22topUrl%22:%22www.liverpool.com.mx%22,%22version%22:%225_26_1%22,%22ifa%22:{%22identifierExtractor%22:{%22origin%22:0},%22value%22:null},%22lsw%22:true,%22pm%22:0}:13:3642

JavaScript warning: https://www.liverpool.com.mx/ewMhJC/DrJ/DG1/OCEkIxCJ/7Lz3rDJpf4kwEf/Ij1uUB8pAw/eklCGjBA/djs, line 1: unreachable code after return statement
JavaScript error: https://www.liverpool.com.mx/tienda/hombre/catst40855192 line 23 > injectedScript, line 1: ReferenceError: ga is not defined
JavaScript error: https://cdn.evgnet.com/beacon/serviciosliverpoolsadecv/liverpool/scripts/evergage.min.js, line 1635: TypeError: window.dataLayer.find(...) is undefined
JavaScript warning: https://www.liverpool.com.mx/ewMhJC/DrJ/DG1/OCEkIxCJ/7Lz3rDJpf4kwEf/Ij1uUB8pAw/eklCGjBA/djs, line 1: WEBGL_debug_renderer_info is deprecated in Firefox and will be removed. Please use RENDERER.
JavaScript warning: https://www.liverpool.com.mx/ewMhJC/DrJ/DG1/OCEkIxCJ/7Lz3rDJpf4kwEf/Ij1uUB8pAw/eklCGjBA/djs, line 1: WEBGL_debug_renderer_info is deprecated in Firefox and will be removed. Please use RENDERER.
JavaScript warning: https://www.liverpool.com.mx/ewMhJC/DrJ/DG1/OCEkIxCJ/7Lz3rDJpf4kwEf/Ij1uUB8pAw/eklCGjBA/djs, line 1: WEBGL_debug_renderer_info is deprecated in Firefox and will be removed. Please use RENDERER.
JavaScript error: , line 0: TypeError: NetworkError when attempting to fetch resource.
JavaScript warning: https://gum.criteo.com/syncframe?topUrl=www.liverpool.com.mx&origin=onetag#{%22bundle%22:{%22identifierExtractor%22:{%22origin%22:3},%22value%22:%2201ottV9iOVFOZlNQaTVQOEFpNmVnbWRwSWp5MUxOUTRxMEpUcXNsRHB1bU5SQTV6ZFNkUEclMkY0YTUlMkYwWmdwdXZrZ3VhOWtXbDZoczV5SHdGaUgzWFd4dExNcXZxYzVnOFZBZndkcU1YeVk2TlJEQnJUNjVUWGEzdVVJM1dsb014RWNvTjFnTzFOTUlxODA2Z0olMkZrJTJGbVJCUTQ3USUzRCUzRA%22},%22cw%22:true,%22optout%22:{%22identifierExtractor%22:{%22origin%22:0},%22value%22:null},%22origin%22:%22onetag%22,%22sid%22:{%22identifierExtractor%22:{%22origin%22:0},%22value%22:null},%22tld%22:%22liverpool.com.mx%22,%22topUrl%22:%22www.liverpool.com.mx%22,%22version%22:%225_26_1%22,%22ifa%22:{%22identifierExtractor%22:{%22origin%22:0},%22value%22:null},%22lsw%22:true,%22pm%22:0}, line 13: Script terminated by timeout at:
r.prototype.flushEventQueue@https://gum.criteo.com/syncframe?topUrl=www.liverpool.com.mx&origin=onetag#{%22bundle%22:{%22identifierExtractor%22:{%22origin%22:3},%22value%22:%2201ottV9iOVFOZlNQaTVQOEFpNmVnbWRwSWp5MUxOUTRxMEpUcXNsRHB1bU5SQTV6ZFNkUEclMkY0YTUlMkYwWmdwdXZrZ3VhOWtXbDZoczV5SHdGaUgzWFd4dExNcXZxYzVnOFZBZndkcU1YeVk2TlJEQnJUNjVUWGEzdVVJM1dsb014RWNvTjFnTzFOTUlxODA2Z0olMkZrJTJGbVJCUTQ3USUzRCUzRA%22},%22cw%22:true,%22optout%22:{%22identifierExtractor%22:{%22origin%22:0},%22value%22:null},%22origin%22:%22onetag%22,%22sid%22:{%22identifierExtractor%22:{%22origin%22:0},%22value%22:null},%22tld%22:%22liverpool.com.mx%22,%22topUrl%22:%22www.liverpool.com.mx%22,%22version%22:%225_26_1%22,%22ifa%22:{%22identifierExtractor%22:{%22origin%22:0},%22value%22:null},%22lsw%22:true,%22pm%22:0}:13:3137
r/<@https://gum.criteo.com/syncframe?topUrl=www.liverpool.com.mx&origin=onetag#{%22bundle%22:{%22identifierExtractor%22:{%22origin%22:3},%22value%22:%2201ottV9iOVFOZlNQaTVQOEFpNmVnbWRwSWp5MUxOUTRxMEpUcXNsRHB1bU5SQTV6ZFNkUEclMkY0YTUlMkYwWmdwdXZrZ3VhOWtXbDZoczV5SHdGaUgzWFd4dExNcXZxYzVnOFZBZndkcU1YeVk2TlJEQnJUNjVUWGEzdVVJM1dsb014RWNvTjFnTzFOTUlxODA2Z0olMkZrJTJGbVJCUTQ3USUzRCUzRA%22},%22cw%22:true,%22optout%22:{%22identifierExtractor%22:{%22origin%22:0},%22value%22:null},%22origin%22:%22onetag%22,%22sid%22:{%22identifierExtractor%22:{%22origin%22:0},%22value%22:null},%22tld%22:%22liverpool.com.mx%22,%22topUrl%22:%22www.liverpool.com.mx%22,%22version%22:%225_26_1%22,%22ifa%22:{%22identifierExtractor%22:{%22origin%22:0},%22value%22:null},%22lsw%22:true,%22pm%22:0}:13:3642

JavaScript warning: https://www.liverpool.com.mx/ewMhJC/DrJ/DG1/OCEkIxCJ/7Lz3rDJpf4kwEf/Ij1uUB8pAw/eklCGjBA/djs, line 1: unreachable code after return statement
JavaScript error: https://www.liverpool.com.mx/tienda/hombre/catst40855192 line 23 > injectedScript, line 1: ReferenceError: ga is not defined
JavaScript warning: https://www.liverpool.com.mx/ewMhJC/DrJ/DG1/OCEkIxCJ/7Lz3rDJpf4kwEf/Ij1uUB8pAw/eklCGjBA/djs, line 1: WEBGL_debug_renderer_info is deprecated in Firefox and will be removed. Please use RENDERER.
JavaScript warning: https://www.liverpool.com.mx/ewMhJC/DrJ/DG1/OCEkIxCJ/7Lz3rDJpf4kwEf/Ij1uUB8pAw/eklCGjBA/djs, line 1: WEBGL_debug_renderer_info is deprecated in Firefox and will be removed. Please use RENDERER.
JavaScript warning: https://www.liverpool.com.mx/ewMhJC/DrJ/DG1/OCEkIxCJ/7Lz3rDJpf4kwEf/Ij1uUB8pAw/eklCGjBA/djs, line 1: WEBGL_debug_renderer_info is deprecated in Firefox and will be removed. Please use RENDERER.
JavaScript error: https://s.pinimg.com/ct/core.js, line 48: TypeError: parent is null
JavaScript error: https://dynamic.criteo.com/js/ld/ld.js?a=74669, line 48: TypeError: parent is null
JavaScript error: https://analytics.tiktok.com/i18n/pixel/events.js?sdkid=C9APTGJC77U7KEORBI90&lib=ttq, line 48: TypeError: parent is null
JavaScript warning: https://www.liverpool.com.mx/ewMhJC/DrJ/DG1/OCEkIxCJ/7Lz3rDJpf4kwEf/Ij1uUB8pAw/eklCGjBA/djs, line 1: unreachable code after return statement
JavaScript error: https://www.liverpool.com.mx/tienda/home line 23 > injectedScript, line 1: ReferenceError: ga is not defined
JavaScript warning: https://www.liverpool.com.mx/ewMhJC/DrJ/DG1/OCEkIxCJ/7Lz3rDJpf4kwEf/Ij1uUB8pAw/eklCGjBA/djs, line 1: WEBGL_debug_renderer_info is deprecated in Firefox and will be removed. Please use RENDERER.
JavaScript warning: https://www.liverpool.com.mx/ewMhJC/DrJ/DG1/OCEkIxCJ/7Lz3rDJpf4kwEf/Ij1uUB8pAw/eklCGjBA/djs, line 1: WEBGL_debug_renderer_info is deprecated in Firefox and will be removed. Please use RENDERER.
JavaScript warning: https://www.liverpool.com.mx/ewMhJC/DrJ/DG1/OCEkIxCJ/7Lz3rDJpf4kwEf/Ij1uUB8pAw/eklCGjBA/djs, line 1: WEBGL_debug_renderer_info is deprecated in Firefox and will be removed. Please use RENDERER.
JavaScript error: https://s.pinimg.com/ct/core.js, line 48: TypeError: parent is null
JavaScript error: https://dynamic.criteo.com/js/ld/ld.js?a=74669, line 48: TypeError: parent is null
JavaScript error: https://analytics.tiktok.com/i18n/pixel/events.js?sdkid=C9APTGJC77U7KEORBI90&lib=ttq, line 48: TypeError: parent is null
JavaScript warning: https://www.liverpool.com.mx/ewMhJC/DrJ/DG1/OCEkIxCJ/7Lz3rDJpf4kwEf/Ij1uUB8pAw/eklCGjBA/djs, line 1: unreachable code after return statement
JavaScript warning: https://www.liverpool.com.mx/ewMhJC/DrJ/DG1/OCEkIxCJ/7Lz3rDJpf4kwEf/Ij1uUB8pAw/eklCGjBA/djs, line 1: WEBGL_debug_renderer_info is deprecated in Firefox and will be removed. Please use RENDERER.
JavaScript error: https://cdn.evgnet.com/beacon/serviciosliverpoolsadecv/liverpool/scripts/evergage.min.js, line 1635: TypeError: window.dataLayer.find(...) is undefined
JavaScript error: https://www.liverpool.com.mx/tienda/home line 23 > injectedScript, line 1: ReferenceError: ga is not defined
JavaScript warning: https://www.liverpool.com.mx/ewMhJC/DrJ/DG1/OCEkIxCJ/7Lz3rDJpf4kwEf/Ij1uUB8pAw/eklCGjBA/djs, line 1: WEBGL_debug_renderer_info is deprecated in Firefox and will be removed. Please use RENDERER.
JavaScript warning: https://www.liverpool.com.mx/ewMhJC/DrJ/DG1/OCEkIxCJ/7Lz3rDJpf4kwEf/Ij1uUB8pAw/eklCGjBA/djs, line 1: WEBGL_debug_renderer_info is deprecated in Firefox and will be removed. Please use RENDERER.
console.error: (new InvalidStateError("JSWindowActorChild.sendAsyncMessage: JSWindowActorChild cannot send at the moment", (void 0), 565))
console.error: (new InvalidStateError("JSWindowActorChild.sendAsyncMessage: JSWindowActorChild cannot send at the moment", (void 0), 565))
JavaScript error: resource:///modules/FaviconLoader.sys.mjs, line 581: InvalidStateError: JSWindowActorChild.sendAsyncMessage: JSWindowActorChild cannot send at the moment
JavaScript error: resource:///modules/FaviconLoader.sys.mjs, line 581: InvalidStateError: JSWindowActorChild.sendAsyncMessage: JSWindowActorChild cannot send at the moment
JavaScript warning: https://www.liverpool.com.mx/ewMhJC/DrJ/DG1/OCEkIxCJ/7Lz3rDJpf4kwEf/Ij1uUB8pAw/eklCGjBA/djs, line 1: unreachable code after return statement
JavaScript error: https://www.liverpool.com.mx/tienda/hombre/catst40855192 line 23 > injectedScript, line 1: ReferenceError: ga is not defined
JavaScript warning: https://www.liverpool.com.mx/ewMhJC/DrJ/DG1/OCEkIxCJ/7Lz3rDJpf4kwEf/Ij1uUB8pAw/eklCGjBA/djs, line 1: WEBGL_debug_renderer_info is deprecated in Firefox and will be removed. Please use RENDERER.
JavaScript warning: https://www.liverpool.com.mx/ewMhJC/DrJ/DG1/OCEkIxCJ/7Lz3rDJpf4kwEf/Ij1uUB8pAw/eklCGjBA/djs, line 1: WEBGL_debug_renderer_info is deprecated in Firefox and will be removed. Please use RENDERER.
JavaScript warning: https://www.liverpool.com.mx/ewMhJC/DrJ/DG1/OCEkIxCJ/7Lz3rDJpf4kwEf/Ij1uUB8pAw/eklCGjBA/djs, line 1: WEBGL_debug_renderer_info is deprecated in Firefox and will be removed. Please use RENDERER.
1724738250104	Marionette	INFO	Stopped listening on port 60281
JavaScript error: https://s.pinimg.com/ct/core.js, line 48: TypeError: parent is null
JavaScript error: https://dynamic.criteo.com/js/ld/ld.js?a=74669, line 48: TypeError: parent is null
JavaScript error: https://analytics.tiktok.com/i18n/pixel/events.js?sdkid=C9APTGJC77U7KEORBI90&lib=ttq, line 48: TypeError: parent is null
Dynamically enable window occlusion 1
JavaScript error: , line 0: NetworkError: FetchEvent.respondWith() Promise rejected
JavaScript error: , line 0: NetworkError: FetchEvent.respondWith() Promise rejected
JavaScript error: , line 0: NetworkError: FetchEvent.respondWith() Promise rejected
1726904295777	geckodriver	INFO	Listening on 127.0.0.1:64743
1726904636995	geckodriver	INFO	Listening on 127.0.0.1:65508
